[
  {
    "level": "INFO",
    "message": "android.ndkVersion from module build.gradle is 21.0.6113669"
  },
  {
    "level": "INFO",
    "message": "ndk.dir in local.properties is not set"
  },
  {
    "level": "INFO",
    "message": "ANDROID_NDK_HOME environment variable is not set"
  },
  {
    "level": "INFO",
    "message": "sdkFolder is /Users/koinworks/Library/Android/sdk"
  },
  {
    "level": "INFO",
    "message": "Considering /Users/koinworks/Library/Android/sdk/ndk-bundle in SDK ndk-bundle folder"
  },
  {
    "level": "INFO",
    "message": "Considering /Users/koinworks/Library/Android/sdk/ndk/21.3.6528147 in SDK ndk folder"
  },
  {
    "level": "INFO",
    "message": "Considering /Users/koinworks/Library/Android/sdk/ndk/21.1.6352462 in SDK ndk folder"
  },
  {
    "level": "INFO",
    "message": "Considering /Users/koinworks/Library/Android/sdk/ndk/22.1.7171670 in SDK ndk folder"
  },
  {
    "level": "INFO",
    "message": "Rejected /Users/koinworks/Library/Android/sdk/ndk-bundle in SDK ndk-bundle folder because that location has no source.properties"
  },
  {
    "level": "INFO",
    "message": "Rejected /Users/koinworks/Library/Android/sdk/ndk/22.1.7171670 in SDK ndk folder because that NDK had version 22.1.7171670 which didn\u0027t match the requested version 21.0.6113669"
  },
  {
    "level": "INFO",
    "message": "Rejected /Users/koinworks/Library/Android/sdk/ndk/21.3.6528147 in SDK ndk folder because that NDK had version 21.3.6528147 which didn\u0027t match the requested version 21.0.6113669"
  },
  {
    "level": "INFO",
    "message": "Rejected /Users/koinworks/Library/Android/sdk/ndk/21.1.6352462 in SDK ndk folder because that NDK had version 21.1.6352462 which didn\u0027t match the requested version 21.0.6113669"
  },
  {
    "level": "ERROR",
    "message": "No version of NDK matched the requested version 21.0.6113669. Versions available locally: 21.1.6352462, 21.3.6528147, 22.1.7171670"
  }
]