[
  {
    "level": "INFO",
    "message": "android.ndkVersion from module build.gradle is not set"
  },
  {
    "level": "INFO",
    "message": "ndk.dir in local.properties is /Users/anonimeact/Library/Android/sdk/ndk-bundle"
  },
  {
    "level": "INFO",
    "message": "ANDROID_NDK_HOME environment variable is not set"
  },
  {
    "level": "INFO",
    "message": "sdkFolder is /Users/koinworks/Library/Android/sdk"
  },
  {
    "level": "INFO",
    "message": "Considering /Users/anonimeact/Library/Android/sdk/ndk-bundle by ndk.dir"
  },
  {
    "level": "INFO",
    "message": "Considering /Users/koinworks/Library/Android/sdk/ndk-bundle in SDK ndk-bundle folder"
  },
  {
    "level": "INFO",
    "message": "Considering /Users/koinworks/Library/Android/sdk/ndk/21.0.6113669 in SDK ndk folder"
  },
  {
    "level": "INFO",
    "message": "Rejected /Users/anonimeact/Library/Android/sdk/ndk-bundle by ndk.dir because that location has no source.properties"
  },
  {
    "level": "INFO",
    "message": "Rejected /Users/koinworks/Library/Android/sdk/ndk-bundle in SDK ndk-bundle folder because that location has no source.properties"
  },
  {
    "level": "ERROR",
    "message": "Location specified by ndk.dir (/Users/anonimeact/Library/Android/sdk/ndk-bundle) did not contain a valid NDK and and couldn\u0027t be used"
  },
  {
    "level": "INFO",
    "message": "Using /Users/koinworks/Library/Android/sdk/ndk/21.0.6113669 which is version 21.0.6113669 as fallback but build will fail"
  }
]